app/build/outputs/logs/manifest-merger-debug-report.txt
-- Merging decision tree log ---
manifest
ADDED from src/main/AndroidManifest.xml:1:1-20:12
	package
		ADDED from src/main/AndroidManifest.xml:2:5-49
		INJECTED from src/main/AndroidManifest.xml
		INJECTED from src/main/AndroidManifest.xml
	android:versionName
		INJECTED from src/main/AndroidManifest.xml
		INJECTED from src/main/AndroidManifest.xml
	xmlns:android
		ADDED from src/main/AndroidManifest.xml:1:11-69
	android:versionCode
		INJECTED from src/main/AndroidManifest.xml
		INJECTED from src/main/AndroidManifest.xml
application
ADDED from src/main/AndroidManifest.xml:4:5-19:19
MERGED from [com.sandrios.android:sandriosCamera:1.0.8] AndroidManifest.xml:15:5-47:19
MERGED from [gun0912.ted:tedpermission:1.0.2] AndroidManifest.xml:9:5-13:19
MERGED from [com.google.android.gms:play-services-vision:9.4.0] AndroidManifest.xml:5:5-20
MERGED from [com.google.android.gms:play-services-base:9.4.0] AndroidManifest.xml:19:5-23:19
MERGED from [com.google.android.gms:play-services-tasks:9.4.0] AndroidManifest.xml:5:5-20
MERGED from [com.google.android.gms:play-services-basement:9.4.0] AndroidManifest.xml:20:5-24:19
MERGED from [com.android.support:appcompat-v7:25.1.0] AndroidManifest.xml:25:5-20
MERGED from [com.android.support:support-v4:25.1.0] AndroidManifest.xml:25:5-20
MERGED from [com.android.support:support-fragment:25.1.0] AndroidManifest.xml:25:5-20
MERGED from [com.android.support:support-media-compat:25.1.0] AndroidManifest.xml:25:5-20
MERGED from [com.android.support:support-core-ui:25.1.0] AndroidManifest.xml:25:5-20
MERGED from [com.android.support:support-core-utils:25.1.0] AndroidManifest.xml:25:5-20
MERGED from [com.android.support:animated-vector-drawable:25.1.0] AndroidManifest.xml:22:5-20
MERGED from [com.android.support:support-vector-drawable:25.1.0] AndroidManifest.xml:23:5-20
MERGED from [com.android.support:support-compat:25.1.0] AndroidManifest.xml:25:5-20
	android:label
		ADDED from src/main/AndroidManifest.xml:7:9-41
	android:supportsRtl
		ADDED from src/main/AndroidManifest.xml:8:9-35
	android:allowBackup
		ADDED from src/main/AndroidManifest.xml:5:9-35
	android:icon
		ADDED from src/main/AndroidManifest.xml:6:9-43
	android:theme
		ADDED from src/main/AndroidManifest.xml:9:9-40
activity#com.sandrios.sandriosCamera.sample.MainActivity
ADDED from src/main/AndroidManifest.xml:11:9-18:20
	android:name
		ADDED from src/main/AndroidManifest.xml:11:19-81
intent-filter#android.intent.action.MAIN+android.intent.category.DEFAULT+android.intent.category.LAUNCHER
ADDED from src/main/AndroidManifest.xml:12:13-17:29
action#android.intent.action.MAIN
ADDED from src/main/AndroidManifest.xml:13:17-69
	android:name
		ADDED from src/main/AndroidManifest.xml:13:25-66
category#android.intent.category.DEFAULT
ADDED from src/main/AndroidManifest.xml:15:17-76
	android:name
		ADDED from src/main/AndroidManifest.xml:15:27-73
category#android.intent.category.LAUNCHER
ADDED from src/main/AndroidManifest.xml:16:17-77
	android:name
		ADDED from src/main/AndroidManifest.xml:16:27-74
uses-sdk
INJECTED from src/main/AndroidManifest.xml reason: use-sdk injection requested
MERGED from [com.sandrios.android:sandriosCamera:1.0.8] AndroidManifest.xml:7:5-9:41
MERGED from [com.android.support:recyclerview-v7:25.1.0] AndroidManifest.xml:20:5-43
MERGED from [com.yalantis:ucrop:2.2.0] AndroidManifest.xml:8:5-10:41
MERGED from [gun0912.ted:tedpermission:1.0.2] AndroidManifest.xml:5:5-7:41
MERGED from [com.google.android.gms:play-services-vision:9.4.0] AndroidManifest.xml:4:5-42
MERGED from [com.google.android.gms:play-services-base:9.4.0] AndroidManifest.xml:18:5-42
MERGED from [com.google.android.gms:play-services-tasks:9.4.0] AndroidManifest.xml:4:5-43
MERGED from [com.google.android.gms:play-services-basement:9.4.0] AndroidManifest.xml:18:5-42
MERGED from [com.zhy:autolayout:1.4.5] AndroidManifest.xml:8:5-10:41
MERGED from [com.android.support:appcompat-v7:25.1.0] AndroidManifest.xml:21:5-23:78
MERGED from [com.android.support:support-v4:25.1.0] AndroidManifest.xml:21:5-23:54
MERGED from [com.android.support:support-fragment:25.1.0] AndroidManifest.xml:21:5-23:60
MERGED from [com.android.support:support-media-compat:25.1.0] AndroidManifest.xml:21:5-23:63
MERGED from [com.android.support:support-core-ui:25.1.0] AndroidManifest.xml:21:5-23:58
MERGED from [com.android.support:support-core-utils:25.1.0] AndroidManifest.xml:21:5-23:61
MERGED from [com.android.support:animated-vector-drawable:25.1.0] AndroidManifest.xml:20:5-44
MERGED from [com.android.support:support-vector-drawable:25.1.0] AndroidManifest.xml:21:5-43
MERGED from [com.android.support:support-compat:25.1.0] AndroidManifest.xml:21:5-23:58
	tools:overrideLibrary
		ADDED from [com.android.support:appcompat-v7:25.1.0] AndroidManifest.xml:23:9-75
	android:targetSdkVersion
		INJECTED from src/main/AndroidManifest.xml
		INJECTED from src/main/AndroidManifest.xml
	android:minSdkVersion
		INJECTED from src/main/AndroidManifest.xml
		INJECTED from src/main/AndroidManifest.xml
uses-permission#android.permission.CAMERA
ADDED from [com.sandrios.android:sandriosCamera:1.0.8] AndroidManifest.xml:11:5-65
	android:name
		ADDED from [com.sandrios.android:sandriosCamera:1.0.8] AndroidManifest.xml:11:22-62
uses-permission#android.permission.RECORD_AUDIO
ADDED from [com.sandrios.android:sandriosCamera:1.0.8] AndroidManifest.xml:12:5-71
	android:name
		ADDED from [com.sandrios.android:sandriosCamera:1.0.8] AndroidManifest.xml:12:22-68
uses-permission#android.permission.WRITE_EXTERNAL_STORAGE
ADDED from [com.sandrios.android:sandriosCamera:1.0.8] AndroidManifest.xml:13:5-81
	android:name
		ADDED from [com.sandrios.android:sandriosCamera:1.0.8] AndroidManifest.xml:13:22-78
meta-data#design_width
ADDED from [com.sandrios.android:sandriosCamera:1.0.8] AndroidManifest.xml:18:9-21:21
	android:value
		ADDED from [com.sandrios.android:sandriosCamera:1.0.8] AndroidManifest.xml:20:13-33
	android:name
		ADDED from [com.sandrios.android:sandriosCamera:1.0.8] AndroidManifest.xml:19:13-40
meta-data#design_height
ADDED from [com.sandrios.android:sandriosCamera:1.0.8] AndroidManifest.xml:22:9-25:21
	android:value
		ADDED from [com.sandrios.android:sandriosCamera:1.0.8] AndroidManifest.xml:24:13-33
	android:name
		ADDED from [com.sandrios.android:sandriosCamera:1.0.8] AndroidManifest.xml:23:13-41
activity#com.sandrios.sandriosCamera.internal.ui.camera.Camera1Activity
ADDED from [com.sandrios.android:sandriosCamera:1.0.8] AndroidManifest.xml:27:9-30:54
	android:screenOrientation
		ADDED from [com.sandrios.android:sandriosCamera:1.0.8] AndroidManifest.xml:29:13-49
	android:theme
		ADDED from [com.sandrios.android:sandriosCamera:1.0.8] AndroidManifest.xml:30:13-51
	android:name
		ADDED from [com.sandrios.android:sandriosCamera:1.0.8] AndroidManifest.xml:28:13-90
activity#com.sandrios.sandriosCamera.internal.ui.preview.PreviewActivity
ADDED from [com.sandrios.android:sandriosCamera:1.0.8] AndroidManifest.xml:35:9-38:54
	android:screenOrientation
		ADDED from [com.sandrios.android:sandriosCamera:1.0.8] AndroidManifest.xml:37:13-49
	android:theme
		ADDED from [com.sandrios.android:sandriosCamera:1.0.8] AndroidManifest.xml:38:13-51
	android:name
		ADDED from [com.sandrios.android:sandriosCamera:1.0.8] AndroidManifest.xml:36:13-91
activity#com.sandrios.sandriosCamera.internal.ui.BaseSandriosActivity
ADDED from [com.sandrios.android:sandriosCamera:1.0.8] AndroidManifest.xml:39:9-42:54
	android:screenOrientation
		ADDED from [com.sandrios.android:sandriosCamera:1.0.8] AndroidManifest.xml:41:13-49
	android:theme
		ADDED from [com.sandrios.android:sandriosCamera:1.0.8] AndroidManifest.xml:42:13-51
	android:name
		ADDED from [com.sandrios.android:sandriosCamera:1.0.8] AndroidManifest.xml:40:13-88
activity#com.yalantis.ucrop.UCropActivity
ADDED from [com.sandrios.android:sandriosCamera:1.0.8] AndroidManifest.xml:43:9-46:59
	android:screenOrientation
		ADDED from [com.sandrios.android:sandriosCamera:1.0.8] AndroidManifest.xml:45:13-49
	android:theme
		ADDED from [com.sandrios.android:sandriosCamera:1.0.8] AndroidManifest.xml:46:13-56
	android:name
		ADDED from [com.sandrios.android:sandriosCamera:1.0.8] AndroidManifest.xml:44:13-60
activity#com.gun0912.tedpermission.TedPermissionActivity
ADDED from [gun0912.ted:tedpermission:1.0.2] AndroidManifest.xml:10:9-12:56
	android:theme
		ADDED from [gun0912.ted:tedpermission:1.0.2] AndroidManifest.xml:12:13-53
	android:name
		ADDED from [gun0912.ted:tedpermission:1.0.2] AndroidManifest.xml:11:13-75
activity#com.google.android.gms.common.api.GoogleApiActivity
ADDED from [com.google.android.gms:play-services-base:9.4.0] AndroidManifest.xml:20:9-22:45
	android:exported
		ADDED from [com.google.android.gms:play-services-base:9.4.0] AndroidManifest.xml:22:19-43
	android:theme
		ADDED from [com.google.android.gms:play-services-base:9.4.0] AndroidManifest.xml:21:19-78
	android:name
		ADDED from [com.google.android.gms:play-services-base:9.4.0] AndroidManifest.xml:20:19-85
meta-data#com.google.android.gms.version
ADDED from [com.google.android.gms:play-services-basement:9.4.0] AndroidManifest.xml:21:9-23:69
	android:value
		ADDED from [com.google.android.gms:play-services-basement:9.4.0] AndroidManifest.xml:23:13-66
	android:name
		ADDED from [com.google.android.gms:play-services-basement:9.4.0] AndroidManifest.xml:22:13-58